* using log directory ‘/home/soumya/soumya_mrc/datashield_testing_basic/gui/ShinySurvivalDataSHIELD.Rcheck’
* using R version 3.6.3 (2020-02-29)
* using platform: x86_64-pc-linux-gnu (64-bit)
* using session charset: UTF-8
* using options ‘--no-manual --as-cran’
* checking for file ‘ShinySurvivalDataSHIELD/DESCRIPTION’ ... OK
* this is package ‘ShinySurvivalDataSHIELD’ version ‘1.0’
* package encoding: UTF-8
* checking package namespace information ... OK
* checking package dependencies ... OK
* checking if this is a source package ... OK
* checking if there is a namespace ... OK
* checking for executable files ... OK
* checking for hidden files and directories ... OK
* checking for portable file names ... NOTE
Found the following non-portable file paths:
  ShinySurvivalDataSHIELD/log_data_summary_cache/latex/unnamed-chunk-10_53bb5fbf67f0fde54a04e2a7069a503d.RData
  ShinySurvivalDataSHIELD/log_data_summary_cache/latex/unnamed-chunk-10_53bb5fbf67f0fde54a04e2a7069a503d.rdb
  ShinySurvivalDataSHIELD/log_data_summary_cache/latex/unnamed-chunk-10_53bb5fbf67f0fde54a04e2a7069a503d.rdx
  ShinySurvivalDataSHIELD/log_data_summary_cache/latex/unnamed-chunk-11_de1355865e10432cd01d3cf8a38ce723.RData
  ShinySurvivalDataSHIELD/log_data_summary_cache/latex/unnamed-chunk-11_de1355865e10432cd01d3cf8a38ce723.rdb
  ShinySurvivalDataSHIELD/log_data_summary_cache/latex/unnamed-chunk-11_de1355865e10432cd01d3cf8a38ce723.rdx
  ShinySurvivalDataSHIELD/log_data_summary_cache/latex/unnamed-chunk-12_691673a30dcd168972c768c97712271c.RData
  ShinySurvivalDataSHIELD/log_data_summary_cache/latex/unnamed-chunk-12_691673a30dcd168972c768c97712271c.rdb
  ShinySurvivalDataSHIELD/log_data_summary_cache/latex/unnamed-chunk-12_691673a30dcd168972c768c97712271c.rdx
  ShinySurvivalDataSHIELD/log_data_summary_cache/latex/unnamed-chunk-13_00a587fcba70e5aba532bdf088a356db.RData
  ShinySurvivalDataSHIELD/log_data_summary_cache/latex/unnamed-chunk-13_00a587fcba70e5aba532bdf088a356db.rdb
  ShinySurvivalDataSHIELD/log_data_summary_cache/latex/unnamed-chunk-13_00a587fcba70e5aba532bdf088a356db.rdx
  ShinySurvivalDataSHIELD/log_data_summary_cache/latex/unnamed-chunk-1_04399d39a9194450aef84d2c59917b80.RData
  ShinySurvivalDataSHIELD/log_data_summary_cache/latex/unnamed-chunk-1_04399d39a9194450aef84d2c59917b80.rdb
  ShinySurvivalDataSHIELD/log_data_summary_cache/latex/unnamed-chunk-1_04399d39a9194450aef84d2c59917b80.rdx
  ShinySurvivalDataSHIELD/log_data_summary_cache/latex/unnamed-chunk-2_66d05122bd893c7cd32cebd09ee986b7.RData
  ShinySurvivalDataSHIELD/log_data_summary_cache/latex/unnamed-chunk-2_66d05122bd893c7cd32cebd09ee986b7.rdb
  ShinySurvivalDataSHIELD/log_data_summary_cache/latex/unnamed-chunk-2_66d05122bd893c7cd32cebd09ee986b7.rdx
  ShinySurvivalDataSHIELD/log_data_summary_cache/latex/unnamed-chunk-3_387762338d9428f3f10974bb60628793.RData
  ShinySurvivalDataSHIELD/log_data_summary_cache/latex/unnamed-chunk-3_387762338d9428f3f10974bb60628793.rdb
  ShinySurvivalDataSHIELD/log_data_summary_cache/latex/unnamed-chunk-3_387762338d9428f3f10974bb60628793.rdx
  ShinySurvivalDataSHIELD/log_data_summary_cache/latex/unnamed-chunk-4_058637e58d5c6994e87c9304f9756ba2.RData
  ShinySurvivalDataSHIELD/log_data_summary_cache/latex/unnamed-chunk-4_058637e58d5c6994e87c9304f9756ba2.rdb
  ShinySurvivalDataSHIELD/log_data_summary_cache/latex/unnamed-chunk-4_058637e58d5c6994e87c9304f9756ba2.rdx
  ShinySurvivalDataSHIELD/log_data_summary_cache/latex/unnamed-chunk-5_20c41235a882090274c1ff109c572f9b.RData
  ShinySurvivalDataSHIELD/log_data_summary_cache/latex/unnamed-chunk-5_20c41235a882090274c1ff109c572f9b.rdb
  ShinySurvivalDataSHIELD/log_data_summary_cache/latex/unnamed-chunk-5_20c41235a882090274c1ff109c572f9b.rdx
  ShinySurvivalDataSHIELD/log_data_summary_cache/latex/unnamed-chunk-6_1014ce00cc94c39d959085fa8e52d520.RData
  ShinySurvivalDataSHIELD/log_data_summary_cache/latex/unnamed-chunk-6_1014ce00cc94c39d959085fa8e52d520.rdb
  ShinySurvivalDataSHIELD/log_data_summary_cache/latex/unnamed-chunk-6_1014ce00cc94c39d959085fa8e52d520.rdx
  ShinySurvivalDataSHIELD/log_data_summary_cache/latex/unnamed-chunk-7_68e11ab13687f6610571222266109c8b.RData
  ShinySurvivalDataSHIELD/log_data_summary_cache/latex/unnamed-chunk-7_68e11ab13687f6610571222266109c8b.rdb
  ShinySurvivalDataSHIELD/log_data_summary_cache/latex/unnamed-chunk-7_68e11ab13687f6610571222266109c8b.rdx
  ShinySurvivalDataSHIELD/log_data_summary_cache/latex/unnamed-chunk-8_7523ee9ac25aa33fd3fe0541b7fb05d4.RData
  ShinySurvivalDataSHIELD/log_data_summary_cache/latex/unnamed-chunk-8_7523ee9ac25aa33fd3fe0541b7fb05d4.rdb
  ShinySurvivalDataSHIELD/log_data_summary_cache/latex/unnamed-chunk-8_7523ee9ac25aa33fd3fe0541b7fb05d4.rdx
  ShinySurvivalDataSHIELD/log_data_summary_cache/latex/unnamed-chunk-9_10397afe577818b06eb736e6563e07bb.RData
  ShinySurvivalDataSHIELD/log_data_summary_cache/latex/unnamed-chunk-9_10397afe577818b06eb736e6563e07bb.rdb
  ShinySurvivalDataSHIELD/log_data_summary_cache/latex/unnamed-chunk-9_10397afe577818b06eb736e6563e07bb.rdx
  ShinySurvivalDataSHIELD/log_model_summary_cache/latex/unnamed-chunk-1_e514f7e16cd5db2622264e91d9a89d8f.RData
  ShinySurvivalDataSHIELD/log_model_summary_cache/latex/unnamed-chunk-1_e514f7e16cd5db2622264e91d9a89d8f.rdb
  ShinySurvivalDataSHIELD/log_model_summary_cache/latex/unnamed-chunk-1_e514f7e16cd5db2622264e91d9a89d8f.rdx
  ShinySurvivalDataSHIELD/log_model_summary_cache/latex/unnamed-chunk-2_9789fe87428429f89f9a3cca6639d82e.RData
  ShinySurvivalDataSHIELD/log_model_summary_cache/latex/unnamed-chunk-2_9789fe87428429f89f9a3cca6639d82e.rdb
  ShinySurvivalDataSHIELD/log_model_summary_cache/latex/unnamed-chunk-2_9789fe87428429f89f9a3cca6639d82e.rdx
  ShinySurvivalDataSHIELD/log_model_summary_cache/latex/unnamed-chunk-3_ca0a5c9133a946e334a1101ba47a33e5.RData
  ShinySurvivalDataSHIELD/log_model_summary_cache/latex/unnamed-chunk-3_ca0a5c9133a946e334a1101ba47a33e5.rdb
  ShinySurvivalDataSHIELD/log_model_summary_cache/latex/unnamed-chunk-3_ca0a5c9133a946e334a1101ba47a33e5.rdx
  ShinySurvivalDataSHIELD/log_model_summary_cache/latex/unnamed-chunk-4_0b8bab904dcbb09901a19b9be674315a.RData
  ShinySurvivalDataSHIELD/log_model_summary_cache/latex/unnamed-chunk-4_0b8bab904dcbb09901a19b9be674315a.rdb
  ShinySurvivalDataSHIELD/log_model_summary_cache/latex/unnamed-chunk-4_0b8bab904dcbb09901a19b9be674315a.rdx
  ShinySurvivalDataSHIELD/log_model_summary_cache/latex/unnamed-chunk-5_43617dc851be4c7deea94381e8120ec3.RData
  ShinySurvivalDataSHIELD/log_model_summary_cache/latex/unnamed-chunk-5_43617dc851be4c7deea94381e8120ec3.rdb
  ShinySurvivalDataSHIELD/log_model_summary_cache/latex/unnamed-chunk-5_43617dc851be4c7deea94381e8120ec3.rdx
  ShinySurvivalDataSHIELD/log_model_summary_cache/latex/unnamed-chunk-6_c7e08a7c1bac1fc1e8a69648b3132c7c.RData
  ShinySurvivalDataSHIELD/log_model_summary_cache/latex/unnamed-chunk-6_c7e08a7c1bac1fc1e8a69648b3132c7c.rdb
  ShinySurvivalDataSHIELD/log_model_summary_cache/latex/unnamed-chunk-6_c7e08a7c1bac1fc1e8a69648b3132c7c.rdx
  ShinySurvivalDataSHIELD/tests/testthat/connection_to_datasets/connection_to_datasets/local_settings.csv
  ShinySurvivalDataSHIELD/tests/testthat/data_files/SURVIVAL/COLLAPSE_MISSING/COLLAPSE_WITH_MISSING1.rda
  ShinySurvivalDataSHIELD/tests/testthat/data_files/SURVIVAL/COLLAPSE_MISSING/COLLAPSE_WITH_MISSING2.rda
  ShinySurvivalDataSHIELD/tests/testthat/data_files/SURVIVAL/COLLAPSE_MISSING/COLLAPSE_WITH_MISSING3.rda
  ShinySurvivalDataSHIELD/tests/testthat/data_files/SURVIVAL/COLLAPSE_MISSING/collapse_missing_study1.csv
  ShinySurvivalDataSHIELD/tests/testthat/data_files/SURVIVAL/COLLAPSE_MISSING/collapse_missing_study2.csv
  ShinySurvivalDataSHIELD/tests/testthat/data_files/SURVIVAL/COLLAPSE_MISSING/collapse_missing_study3.csv
  ShinySurvivalDataSHIELD/tests/testthat/data_files/SURVIVAL/COLLAPSE_NO_MISSING/COLLAPSE_NO_MISSING1.rda
  ShinySurvivalDataSHIELD/tests/testthat/data_files/SURVIVAL/COLLAPSE_NO_MISSING/COLLAPSE_NO_MISSING2.rda
  ShinySurvivalDataSHIELD/tests/testthat/data_files/SURVIVAL/COLLAPSE_NO_MISSING/COLLAPSE_NO_MISSING3.rda
  ShinySurvivalDataSHIELD/tests/testthat/data_files/SURVIVAL/COLLAPSE_NO_MISSING/collapse_no_missing_study1.csv
  ShinySurvivalDataSHIELD/tests/testthat/data_files/SURVIVAL/COLLAPSE_NO_MISSING/collapse_no_missing_study2.csv
  ShinySurvivalDataSHIELD/tests/testthat/data_files/SURVIVAL/COLLAPSE_NO_MISSING/collapse_no_missing_study3.csv
  ShinySurvivalDataSHIELD/tests/testthat/data_files/SURVIVAL/EXPAND_NO_MISSING/expand_no_missing_study1.csv
  ShinySurvivalDataSHIELD/tests/testthat/data_files/SURVIVAL/EXPAND_NO_MISSING/expand_no_missing_study2.csv
  ShinySurvivalDataSHIELD/tests/testthat/data_files/SURVIVAL/EXPAND_NO_MISSING/expand_no_missing_study3.csv

Tarballs are only required to store paths of up to 100 bytes and cannot
store those of more than 256 bytes, with restrictions including to 100
bytes for the final component.
See section ‘Package structure’ in the ‘Writing R Extensions’ manual.
* checking for sufficient/correct file permissions ... OK
* checking whether package ‘ShinySurvivalDataSHIELD’ can be installed ... OK
* checking installed package size ... OK
* checking package directory ... OK
* checking for future file timestamps ... OK
* checking DESCRIPTION meta-information ... NOTE
Malformed Description field: should contain one or more complete sentences.
Invalid license file pointers: LICENSE
* checking top-level files ... NOTE
Non-standard files/directories found at top level:
  ‘Dockerfile’ ‘installer_unix.sh’ ‘log_data_summary.pdf’
  ‘log_data_summary_cache’ ‘log_model_summary.pdf’
  ‘log_model_summary_cache’ ‘log_model_summary_files’
  ‘shiny-server.conf’ ‘shiny-server.sh’ ‘survival_meat_interact.RData’
  ‘temp.csv’
* checking for left-over files ... OK
* checking index information ... OK
* checking package subdirectories ... OK
* checking R files for non-ASCII characters ... OK
* checking R files for syntax errors ... OK
* checking whether the package can be loaded ... OK
* checking whether the package can be loaded with stated dependencies ... OK
* checking whether the package can be unloaded cleanly ... OK
* checking whether the namespace can be loaded with stated dependencies ... OK
* checking whether the namespace can be unloaded cleanly ... OK
* checking loading without being on the library search path ... OK
* checking dependencies in R code ... WARNING
'library' or 'require' calls not declared from:
  ‘dsHelper’ ‘knitr’ ‘metafor’ ‘rmarkdown’ ‘shiny’ ‘shinyBS’ ‘shinyjs’
  ‘tinytex’
'library' or 'require' calls in package code:
  ‘dsHelper’ ‘knitr’ ‘metafor’ ‘rmarkdown’ ‘shiny’ ‘shinyBS’ ‘shinyjs’
  ‘tinytex’
  Please use :: or requireNamespace() instead.
  See section 'Suggested packages' in the 'Writing R Extensions' manual.
* checking S3 generic/method consistency ... OK
* checking replacement functions ... OK
* checking foreign function calls ... OK
* checking R code for possible problems ... OK
* checking Rd files ... OK
* checking Rd metadata ... OK
* checking Rd line widths ... OK
* checking Rd cross-references ... OK
* checking for missing documentation entries ... OK
* checking for code/documentation mismatches ... OK
* checking Rd \usage sections ... OK
* checking Rd contents ... OK
* checking for unstated dependencies in examples ... OK
* checking files in ‘vignettes’ ... WARNING
Files in the 'vignettes' directory but no files in 'inst/doc':
  ‘README.md’, ‘development_plan.pdf’, ‘development_plan.rmd’
Package has no Sweave vignette sources and no VignetteBuilder field.
* checking examples ... NONE
* checking for detritus in the temp directory ... OK
* DONE
Status: 2 WARNINGs, 3 NOTEs
